  main_dll.c
  a3_DemoSceneObject.c
  a3_demo_callbacks.c
  a3_DemoState.c
  Generating Code...
     Creating library H:\2017Fall\Animation\baron-egp-480\animal3d-sdk-egp-2017-09\animal3D-SDK\animal3D-SDK\lib\x64\v140\Debug\animal3D-DemoProject.lib and object H:\2017Fall\Animation\baron-egp-480\animal3d-sdk-egp-2017-09\animal3D-SDK\animal3D-SDK\lib\x64\v140\Debug\animal3D-DemoProject.exp
animal3D.lib(a3_GeometryData.obj) : warning LNK4099: PDB 'animal3D.pdb' was not found with 'animal3D.lib(a3_GeometryData.obj)' or at 'H:\2017Fall\Animation\baron-egp-480\animal3d-sdk-egp-2017-09\animal3D-SDK\animal3D-SDK\lib\x64\v140\Debug\animal3D.pdb'; linking object as if no debug info
animal3D.lib(a3_ProceduralGeometry.obj) : warning LNK4099: PDB 'animal3D.pdb' was not found with 'animal3D.lib(a3_ProceduralGeometry.obj)' or at 'H:\2017Fall\Animation\baron-egp-480\animal3d-sdk-egp-2017-09\animal3D-SDK\animal3D-SDK\lib\x64\v140\Debug\animal3D.pdb'; linking object as if no debug info
animal3D.lib(a3_ModelLoader_WavefrontOBJ.obj) : warning LNK4099: PDB 'animal3D.pdb' was not found with 'animal3D.lib(a3_ModelLoader_WavefrontOBJ.obj)' or at 'H:\2017Fall\Animation\baron-egp-480\animal3d-sdk-egp-2017-09\animal3D-SDK\animal3D-SDK\lib\x64\v140\Debug\animal3D.pdb'; linking object as if no debug info
animal3D.lib(a3_BufferObject.obj) : warning LNK4099: PDB 'animal3D.pdb' was not found with 'animal3D.lib(a3_BufferObject.obj)' or at 'H:\2017Fall\Animation\baron-egp-480\animal3d-sdk-egp-2017-09\animal3D-SDK\animal3D-SDK\lib\x64\v140\Debug\animal3D.pdb'; linking object as if no debug info
animal3D.lib(a3_Framebuffer.obj) : warning LNK4099: PDB 'animal3D.pdb' was not found with 'animal3D.lib(a3_Framebuffer.obj)' or at 'H:\2017Fall\Animation\baron-egp-480\animal3d-sdk-egp-2017-09\animal3D-SDK\animal3D-SDK\lib\x64\v140\Debug\animal3D.pdb'; linking object as if no debug info
animal3D.lib(a3_ShaderProgram.obj) : warning LNK4099: PDB 'animal3D.pdb' was not found with 'animal3D.lib(a3_ShaderProgram.obj)' or at 'H:\2017Fall\Animation\baron-egp-480\animal3d-sdk-egp-2017-09\animal3D-SDK\animal3D-SDK\lib\x64\v140\Debug\animal3D.pdb'; linking object as if no debug info
animal3D.lib(a3_TextRenderer.obj) : warning LNK4099: PDB 'animal3D.pdb' was not found with 'animal3D.lib(a3_TextRenderer.obj)' or at 'H:\2017Fall\Animation\baron-egp-480\animal3d-sdk-egp-2017-09\animal3D-SDK\animal3D-SDK\lib\x64\v140\Debug\animal3D.pdb'; linking object as if no debug info
animal3D.lib(a3_Texture.obj) : warning LNK4099: PDB 'animal3D.pdb' was not found with 'animal3D.lib(a3_Texture.obj)' or at 'H:\2017Fall\Animation\baron-egp-480\animal3d-sdk-egp-2017-09\animal3D-SDK\animal3D-SDK\lib\x64\v140\Debug\animal3D.pdb'; linking object as if no debug info
animal3D.lib(a3_VertexDescriptors.obj) : warning LNK4099: PDB 'animal3D.pdb' was not found with 'animal3D.lib(a3_VertexDescriptors.obj)' or at 'H:\2017Fall\Animation\baron-egp-480\animal3d-sdk-egp-2017-09\animal3D-SDK\animal3D-SDK\lib\x64\v140\Debug\animal3D.pdb'; linking object as if no debug info
animal3D.lib(a3_VertexBuffer.obj) : warning LNK4099: PDB 'animal3D.pdb' was not found with 'animal3D.lib(a3_VertexBuffer.obj)' or at 'H:\2017Fall\Animation\baron-egp-480\animal3d-sdk-egp-2017-09\animal3D-SDK\animal3D-SDK\lib\x64\v140\Debug\animal3D.pdb'; linking object as if no debug info
animal3D.lib(a3_VertexDrawable.obj) : warning LNK4099: PDB 'animal3D.pdb' was not found with 'animal3D.lib(a3_VertexDrawable.obj)' or at 'H:\2017Fall\Animation\baron-egp-480\animal3d-sdk-egp-2017-09\animal3D-SDK\animal3D-SDK\lib\x64\v140\Debug\animal3D.pdb'; linking object as if no debug info
animal3D.lib(a3_XboxControllerInput.obj) : warning LNK4099: PDB 'animal3D.pdb' was not found with 'animal3D.lib(a3_XboxControllerInput.obj)' or at 'H:\2017Fall\Animation\baron-egp-480\animal3d-sdk-egp-2017-09\animal3D-SDK\animal3D-SDK\lib\x64\v140\Debug\animal3D.pdb'; linking object as if no debug info
animal3D.lib(a3_Stream.obj) : warning LNK4099: PDB 'animal3D.pdb' was not found with 'animal3D.lib(a3_Stream.obj)' or at 'H:\2017Fall\Animation\baron-egp-480\animal3d-sdk-egp-2017-09\animal3D-SDK\animal3D-SDK\lib\x64\v140\Debug\animal3D.pdb'; linking object as if no debug info
animal3D.lib(a3_Timer.obj) : warning LNK4099: PDB 'animal3D.pdb' was not found with 'animal3D.lib(a3_Timer.obj)' or at 'H:\2017Fall\Animation\baron-egp-480\animal3d-sdk-egp-2017-09\animal3D-SDK\animal3D-SDK\lib\x64\v140\Debug\animal3D.pdb'; linking object as if no debug info
libp3dm.lib(P3DM_c.obj) : warning LNK4099: PDB 'P3DM.pdb' was not found with 'libp3dm.lib(P3DM_c.obj)' or at 'H:\2017Fall\Animation\baron-egp-480\animal3d-sdk-egp-2017-09\animal3D-SDK\animal3D-SDK\lib\x64\v140\Debug\P3DM.pdb'; linking object as if no debug info
  animal3D-DemoProject.vcxproj -> H:\2017Fall\Animation\baron-egp-480\animal3d-sdk-egp-2017-09\animal3D-SDK\animal3D-SDK\lib\x64\v140\Debug\animal3D-DemoProject.dll
  A subdirectory or file .\bin\x64\v140\Debug\animal3D-demos\ already exists.
  A subdirectory or file .\bin\x64\v140\Debug\data\ already exists.
  .\lib\x64\v140\Debug\animal3D-DemoProject.dll
  1 File(s) copied
